Determining if the pthread_create exist failed with the following output:
Change Dir: /home/viktor/async_http_server/_build/debug/CMakeFiles/CMakeTmp

Run Build Command:"/usr/bin/gmake" "cmTryCompileExec2695033079/fast"
/usr/bin/gmake -f CMakeFiles/cmTryCompileExec2695033079.dir/build.make CMakeFiles/cmTryCompileExec2695033079.dir/build
gmake[1]: вход в каталог «/home/viktor/async_http_server/_build/debug/CMakeFiles/CMakeTmp»
/usr/bin/cmake -E cmake_progress_report /home/viktor/async_http_server/_build/debug/CMakeFiles/CMakeTmp/CMakeFiles 1
Building C object CMakeFiles/cmTryCompileExec2695033079.dir/CheckSymbolExists.c.o
/usr/lib64/ccache/cc    -o CMakeFiles/cmTryCompileExec2695033079.dir/CheckSymbolExists.c.o   -c /home/viktor/async_http_server/_build/debug/CMakeFiles/CMakeTmp/CheckSymbolExists.c
Linking C executable cmTryCompileExec2695033079
/usr/bin/cmake -E cmake_link_script CMakeFiles/cmTryCompileExec2695033079.dir/link.txt --verbose=1
/usr/lib64/ccache/cc       CMakeFiles/cmTryCompileExec2695033079.dir/CheckSymbolExists.c.o  -o cmTryCompileExec2695033079 -rdynamic 
CMakeFiles/cmTryCompileExec2695033079.dir/CheckSymbolExists.c.o: In function `main':
CheckSymbolExists.c:(.text+0x16): undefined reference to `pthread_create'
collect2: ошибка: выполнение ld завершилось с кодом возврата 1
CMakeFiles/cmTryCompileExec2695033079.dir/build.make:88: ошибка выполнения рецепта для цели «cmTryCompileExec2695033079»
gmake[1]: выход из каталога «/home/viktor/async_http_server/_build/debug/CMakeFiles/CMakeTmp»
Makefile:118: ошибка выполнения рецепта для цели «cmTryCompileExec2695033079/fast»
gmake[1]: *** [cmTryCompileExec2695033079] Ошибка 1
gmake: *** [cmTryCompileExec2695033079/fast] Ошибка 2

File /home/viktor/async_http_server/_build/debug/CMakeFiles/CMakeTmp/CheckSymbolExists.c:
/* */
#include <pthread.h>

int main(int argc, char** argv)
{
  (void)argv;
#ifndef pthread_create
  return ((int*)(&pthread_create))[argc];
#else
  (void)argc;
  return 0;
#endif
}

Determining if the function pthread_create exists in the pthreads failed with the following output:
Change Dir: /home/viktor/async_http_server/_build/debug/CMakeFiles/CMakeTmp

Run Build Command:"/usr/bin/gmake" "cmTryCompileExec848858613/fast"
/usr/bin/gmake -f CMakeFiles/cmTryCompileExec848858613.dir/build.make CMakeFiles/cmTryCompileExec848858613.dir/build
gmake[1]: вход в каталог «/home/viktor/async_http_server/_build/debug/CMakeFiles/CMakeTmp»
/usr/bin/cmake -E cmake_progress_report /home/viktor/async_http_server/_build/debug/CMakeFiles/CMakeTmp/CMakeFiles 1
Building C object CMakeFiles/cmTryCompileExec848858613.dir/CheckFunctionExists.c.o
/usr/lib64/ccache/cc   -DCHECK_FUNCTION_EXISTS=pthread_create   -o CMakeFiles/cmTryCompileExec848858613.dir/CheckFunctionExists.c.o   -c /usr/share/cmake/Modules/CheckFunctionExists.c
Linking C executable cmTryCompileExec848858613
/usr/bin/cmake -E cmake_link_script CMakeFiles/cmTryCompileExec848858613.dir/link.txt --verbose=1
/usr/lib64/ccache/cc   -DCHECK_FUNCTION_EXISTS=pthread_create    CMakeFiles/cmTryCompileExec848858613.dir/CheckFunctionExists.c.o  -o cmTryCompileExec848858613 -rdynamic -lpthreads 
/usr/bin/ld: cannot find -lpthreads
collect2: ошибка: выполнение ld завершилось с кодом возврата 1
CMakeFiles/cmTryCompileExec848858613.dir/build.make:88: ошибка выполнения рецепта для цели «cmTryCompileExec848858613»
gmake[1]: *** [cmTryCompileExec848858613] Ошибка 1
gmake[1]: выход из каталога «/home/viktor/async_http_server/_build/debug/CMakeFiles/CMakeTmp»
Makefile:118: ошибка выполнения рецепта для цели «cmTryCompileExec848858613/fast»
gmake: *** [cmTryCompileExec848858613/fast] Ошибка 2


